<?xml version="1.0" encoding="UTF-8"?>
<Site BuildName="(empty)"
	BuildStamp="20250829-0636-Experimental"
	Name="(empty)"
	Generator="ctest-3.31.7"
	CompilerName=""
	CompilerVersion=""
	OSName="Linux"
	Hostname="neotux"
	OSRelease="6.15.11-gentoo-dist"
	OSVersion="#1 SMP PREEMPT_DYNAMIC Sat Aug 23 16:47:24 EEST 2025"
	OSPlatform="x86_64"
	Is64Bits="1"
	VendorString="GenuineIntel"
	VendorID="Intel Corporation"
	FamilyID="6"
	ModelID="151"
	ModelName="12th Gen Intel(R) Core(TM) i7-12700K"
	ProcessorCacheSize="25600"
	NumberOfLogicalCPU="20"
	NumberOfPhysicalCPU="12"
	TotalVirtualMemory="32767"
	TotalPhysicalMemory="31817"
	LogicalProcessorsPerPhysical="1"
	ProcessorClockFrequency="3560.86"
	>
	<Testing>
		<StartDateTime>Aug 29 13:35 EEST</StartDateTime>
		<StartTestTime>1756463704</StartTestTime>
		<TestList/>
		<EndDateTime>Aug 29 13:35 EEST</EndDateTime>
		<EndTestTime>1756463704</EndTestTime>
		<ElapsedMinutes>0</ElapsedMinutes>
	</Testing>
</Site>
