<?xml version="1.0" encoding="UTF-8"?>
<Site BuildName="(empty)"
	BuildStamp="20250830-0738-Experimental"
	Name="(empty)"
	Generator="ctest-3.31.7"
	CompilerName=""
	CompilerVersion=""
	OSName="Linux"
	Hostname="neotux"
	OSRelease="6.16.4-gentoo-dist"
	OSVersion="#1 SMP PREEMPT_DYNAMIC Sat Aug 30 09:59:30 EEST 2025"
	OSPlatform="x86_64"
	Is64Bits="1"
	VendorString="GenuineIntel"
	VendorID="Intel Corporation"
	FamilyID="6"
	ModelID="151"
	ModelName="12th Gen Intel(R) Core(TM) i7-12700K"
	ProcessorCacheSize="25600"
	NumberOfLogicalCPU="20"
	NumberOfPhysicalCPU="12"
	TotalVirtualMemory="32767"
	TotalPhysicalMemory="31816"
	LogicalProcessorsPerPhysical="1"
	ProcessorClockFrequency="4444.01"
	>
	<Testing>
		<StartDateTime>Aug 30 22:58 EEST</StartDateTime>
		<StartTestTime>1756583923</StartTestTime>
		<TestList/>
		<EndDateTime>Aug 30 22:58 EEST</EndDateTime>
		<EndTestTime>1756583923</EndTestTime>
		<ElapsedMinutes>0</ElapsedMinutes>
	</Testing>
</Site>
